<?xml version="1.0" encoding="UTF-8"?>
<!-- Generated by org.testng.reporters.JUnitReportReporter -->
<testsuite skipped="0" hostname="computer8" name="jsondriven.DataDriven.RegistrationTest" tests="5" failures="0" timestamp="2020-10-01T12:52:36 IST" time="0.020" errors="0">
  <testcase name="jsonRegistrationTest" time="0.008" classname="jsondriven.DataDriven.RegistrationTest"/>
  <system-out/>
  <testcase name="jsonRegistrationTest" time="0.002" classname="jsondriven.DataDriven.RegistrationTest"/>
  <system-out/>
  <testcase name="jsonRegistrationTest" time="0.003" classname="jsondriven.DataDriven.RegistrationTest"/>
  <system-out/>
  <testcase name="jsonRegistrationTest" time="0.001" classname="jsondriven.DataDriven.RegistrationTest"/>
  <system-out/>
  <testcase name="jsonRegistrationTest" time="0.006" classname="jsondriven.DataDriven.RegistrationTest"/>
  <system-out/>
</testsuite> <!-- jsondriven.DataDriven.RegistrationTest -->
