<?xml version="1.0" encoding="UTF-8"?>
<!-- Generated by org.testng.reporters.JUnitReportReporter -->
<testsuite skipped="0" hostname="computer8" name="excelDriven.DataDriven.LoginTest" tests="5" failures="0" timestamp="2020-10-01T12:52:04 IST" time="0.015" errors="0">
  <testcase name="jsonLoginTest" time="0.001" classname="excelDriven.DataDriven.LoginTest"/>
  <system-out/>
  <testcase name="jsonLoginTest" time="0.005" classname="excelDriven.DataDriven.LoginTest"/>
  <system-out/>
  <testcase name="jsonLoginTest" time="0.007" classname="excelDriven.DataDriven.LoginTest"/>
  <system-out/>
  <testcase name="jsonLoginTest" time="0.001" classname="excelDriven.DataDriven.LoginTest"/>
  <system-out/>
  <testcase name="jsonLoginTest" time="0.001" classname="excelDriven.DataDriven.LoginTest"/>
  <system-out/>
</testsuite> <!-- excelDriven.DataDriven.LoginTest -->
